<?xml version="1.0" encoding="UTF-8"?>
<!-- Generated by org.testng.reporters.JUnitReportReporter -->
<testsuite hostname="NishantLaptop" failures="0" tests="1" name="test.com.CostcoFormTest" time="2.688" errors="0" timestamp="24 Sep 2023 17:38:54 GMT">
  <testcase classname="test.com.CostcoFormTest" name="testCostcoForm" time="2.688"/>
</testsuite> <!-- test.com.CostcoFormTest -->
